<?xml version="1.0" encoding="UTF-8"?>
<!-- Generated by org.testng.reporters.JUnitXMLReporter -->
<testsuite hostname="LAPTOP-J365QQV5" ignored="0" name="Default test" tests="4" failures="0" timestamp="2023-05-30T11:47:02 IST" time="9.529" errors="0">
  <testcase name="testPostUser" time="3.788" classname="api.test.UserTests"/>
  <testcase name="testGetUserByName" time="1.164" classname="api.test.UserTests"/>
  <testcase name="testUpdateUserByName" time="2.214" classname="api.test.UserTests"/>
  <testcase name="testDeleteByUserName" time="1.125" classname="api.test.UserTests"/>
</testsuite> <!-- Default test -->
