<?xml version="1.0" encoding="UTF-8"?>
<testsuite xmlns:xsi="http://www.w3.org/2001/XMLSchema-instance" xsi:noNamespaceSchemaLocation="https://maven.apache.org/surefire/maven-surefire-plugin/xsd/surefire-test-report-3.0.xsd" version="3.0" name="TestSuite" time="28.133" tests="10" errors="0" skipped="0" failures="0">
  <properties>
[...]
</properties>
  <testcase name="testPostUser" classname="api.test.UserTests" time="5.074">
    <system-out><![CDATA[HTTP/1.1 200 OK
Date: Wed, 31 May 2023 06:04:48 GMT
Content-Type: application/json
Transfer-Encoding: chunked
Connection: keep-alive
Access-Control-Allow-Origin: *
Access-Control-Allow-Methods: GET, POST, DELETE, PUT
Access-Control-Allow-Headers: Content-Type, api_key, Authorization
Server: Jetty(9.2.9.v20150224)

{
    "code": 200,
    "type": "unknown",
    "message": "153337703"
}
]]></system-out>
  </testcase>
  <testcase name="testGetUserByName" classname="api.test.UserTests" time="2.329">
    <system-out><![CDATA[HTTP/1.1 200 OK
Date: Wed, 31 May 2023 06:04:50 GMT
Content-Type: application/json
Transfer-Encoding: chunked
Connection: keep-alive
Access-Control-Allow-Origin: *
Access-Control-Allow-Methods: GET, POST, DELETE, PUT
Access-Control-Allow-Headers: Content-Type, api_key, Authorization
Server: Jetty(9.2.9.v20150224)

{
    "id": 153337703,
    "username": "presley.wisozk",
    "email": "demetris.mueller@example.com",
    "password": "6iuln",
    "phone": "1-388-466-7640",
    "userStatus": 0
}
]]></system-out>
  </testcase>
  <testcase name="testUpdateUserByName" classname="api.test.UserTests" time="4.142">
    <system-out><![CDATA[HTTP/1.1 200 OK
Date: Wed, 31 May 2023 06:04:52 GMT
Content-Type: application/json
Transfer-Encoding: chunked
Connection: keep-alive
Access-Control-Allow-Origin: *
Access-Control-Allow-Methods: GET, POST, DELETE, PUT
Access-Control-Allow-Headers: Content-Type, api_key, Authorization
Server: Jetty(9.2.9.v20150224)

{
    "code": 200,
    "type": "unknown",
    "message": "153337703"
}
]]></system-out>
  </testcase>
  <testcase name="testDeleteByUserName" classname="api.test.UserTests" time="1.63"/>
  <testcase name="testPostUser[1010, testuser1, john, Canedy, a@gmail.com, test@1, 1234567891](1)" classname="api.test.DDTest" time="1.711"/>
  <testcase name="testPostUser[1020, testuser2, Kim, Kom, b@gmail.com, test@2, 1234567891](2)" classname="api.test.DDTest" time="1.728"/>
  <testcase name="testPostUser[1030, testuser3, Smith, Steve, c@gmail.com, test@3, 1234567891](3)" classname="api.test.DDTest" time="1.675"/>
  <testcase name="testDeleteUserByName[testuser1](1)" classname="api.test.DDTest" time="2.09"/>
  <testcase name="testDeleteUserByName[testuser2](2)" classname="api.test.DDTest" time="1.874"/>
  <testcase name="testDeleteUserByName[testuser3](3)" classname="api.test.DDTest" time="1.667"/>
</testsuite>