<?xml version="1.0" encoding="UTF-8"?>
<!-- Generated by org.testng.reporters.JUnitXMLReporter -->
<testsuite hostname="LAPTOP-J365QQV5" ignored="0" name="PetTest" tests="10" failures="0" timestamp="2023-05-31T11:35:10 IST" time="26.721" errors="0">
  <testcase name="testPostUser" time="5.053" classname="api.test.UserTests"/>
  <testcase name="testGetUserByName" time="2.328" classname="api.test.UserTests"/>
  <testcase name="testUpdateUserByName" time="4.15" classname="api.test.UserTests"/>
  <testcase name="testDeleteByUserName" time="1.629" classname="api.test.UserTests"/>
  <testcase name="testPostUser" time="1.709" classname="api.test.DDTest"/>
  <testcase name="testPostUser" time="1.725" classname="api.test.DDTest"/>
  <testcase name="testPostUser" time="1.673" classname="api.test.DDTest"/>
  <testcase name="testDeleteUserByName" time="2.087" classname="api.test.DDTest"/>
  <testcase name="testDeleteUserByName" time="1.873" classname="api.test.DDTest"/>
  <testcase name="testDeleteUserByName" time="1.666" classname="api.test.DDTest"/>
</testsuite> <!-- PetTest -->
